{"/Users/marcio/Profissional/Desenvolvimento/Fontes/Rocketseat/GoStack/Nivel05/gostack/appgobarber/src/hooks/auth.tsx": {"path":"/Users/marcio/Profissional/Desenvolvimento/Fontes/Rocketseat/GoStack/Nivel05/gostack/appgobarber/src/hooks/auth.tsx","statementMap":{"0":{"start":{"line":36,"column":20},"end":{"line":36,"column":73}},"1":{"start":{"line":38,"column":31},"end":{"line":103,"column":1}},"2":{"start":{"line":39,"column":26},"end":{"line":39,"column":62}},"3":{"start":{"line":40,"column":32},"end":{"line":40,"column":46}},"4":{"start":{"line":42,"column":2},"end":{"line":59,"column":9}},"5":{"start":{"line":44,"column":28},"end":{"line":47,"column":8}},"6":{"start":{"line":49,"column":6},"end":{"line":53,"column":7}},"7":{"start":{"line":50,"column":8},"end":{"line":50,"column":66}},"8":{"start":{"line":52,"column":8},"end":{"line":52,"column":64}},"9":{"start":{"line":55,"column":6},"end":{"line":55,"column":24}},"10":{"start":{"line":58,"column":4},"end":{"line":58,"column":22}},"11":{"start":{"line":61,"column":17},"end":{"line":77,"column":8}},"12":{"start":{"line":62,"column":21},"end":{"line":65,"column":6}},"13":{"start":{"line":67,"column":28},"end":{"line":67,"column":41}},"14":{"start":{"line":69,"column":4},"end":{"line":72,"column":7}},"15":{"start":{"line":74,"column":4},"end":{"line":74,"column":59}},"16":{"start":{"line":76,"column":4},"end":{"line":76,"column":29}},"17":{"start":{"line":79,"column":18},"end":{"line":83,"column":8}},"18":{"start":{"line":80,"column":4},"end":{"line":80,"column":74}},"19":{"start":{"line":82,"column":4},"end":{"line":82,"column":29}},"20":{"start":{"line":85,"column":21},"end":{"line":94,"column":3}},"21":{"start":{"line":87,"column":6},"end":{"line":87,"column":73}},"22":{"start":{"line":88,"column":6},"end":{"line":91,"column":9}},"23":{"start":{"line":96,"column":2},"end":{"line":102,"column":4}},"24":{"start":{"line":106,"column":18},"end":{"line":106,"column":41}},"25":{"start":{"line":108,"column":2},"end":{"line":110,"column":3}},"26":{"start":{"line":109,"column":4},"end":{"line":109,"column":62}},"27":{"start":{"line":112,"column":2},"end":{"line":112,"column":17}}},"fnMap":{"0":{"name":"(anonymous_0)","decl":{"start":{"line":38,"column":31},"end":{"line":38,"column":32}},"loc":{"start":{"line":38,"column":49},"end":{"line":103,"column":1}},"line":38},"1":{"name":"(anonymous_1)","decl":{"start":{"line":42,"column":12},"end":{"line":42,"column":13}},"loc":{"start":{"line":42,"column":18},"end":{"line":59,"column":3}},"line":42},"2":{"name":"loadStorageData","decl":{"start":{"line":43,"column":19},"end":{"line":43,"column":34}},"loc":{"start":{"line":43,"column":52},"end":{"line":56,"column":5}},"line":43},"3":{"name":"(anonymous_3)","decl":{"start":{"line":61,"column":29},"end":{"line":61,"column":30}},"loc":{"start":{"line":61,"column":60},"end":{"line":77,"column":3}},"line":61},"4":{"name":"(anonymous_4)","decl":{"start":{"line":79,"column":30},"end":{"line":79,"column":31}},"loc":{"start":{"line":79,"column":42},"end":{"line":83,"column":3}},"line":79},"5":{"name":"(anonymous_5)","decl":{"start":{"line":86,"column":4},"end":{"line":86,"column":5}},"loc":{"start":{"line":86,"column":26},"end":{"line":92,"column":5}},"line":86},"6":{"name":"useAuth","decl":{"start":{"line":105,"column":9},"end":{"line":105,"column":16}},"loc":{"start":{"line":105,"column":36},"end":{"line":113,"column":1}},"line":105}},"branchMap":{"0":{"loc":{"start":{"line":49,"column":6},"end":{"line":53,"column":7}},"type":"if","locations":[{"start":{"line":49,"column":6},"end":{"line":53,"column":7}},{"start":{"line":49,"column":6},"end":{"line":53,"column":7}}],"line":49},"1":{"loc":{"start":{"line":49,"column":10},"end":{"line":49,"column":29}},"type":"binary-expr","locations":[{"start":{"line":49,"column":10},"end":{"line":49,"column":18}},{"start":{"line":49,"column":22},"end":{"line":49,"column":29}}],"line":49},"2":{"loc":{"start":{"line":108,"column":2},"end":{"line":110,"column":3}},"type":"if","locations":[{"start":{"line":108,"column":2},"end":{"line":110,"column":3}},{"start":{"line":108,"column":2},"end":{"line":110,"column":3}}],"line":108}},"s":{"0":1,"1":1,"2":0,"3":0,"4":0,"5":0,"6":0,"7":0,"8":0,"9":0,"10":0,"11":0,"12":0,"13":0,"14":0,"15":0,"16":0,"17":0,"18":0,"19":0,"20":0,"21":0,"22":0,"23":0,"24":1,"25":1,"26":0,"27":1},"f":{"0":0,"1":0,"2":0,"3":0,"4":0,"5":0,"6":1},"b":{"0":[0,0],"1":[0,0],"2":[0,1]},"_coverageSchema":"1a1c01bbd47fc00a2c39e90264f33305004495a9","hash":"0826421dc5827376b36794871df8c684905f522e"}
,"/Users/marcio/Profissional/Desenvolvimento/Fontes/Rocketseat/GoStack/Nivel05/gostack/appgobarber/src/pages/AppointmentCreated/index.tsx": {"path":"/Users/marcio/Profissional/Desenvolvimento/Fontes/Rocketseat/GoStack/Nivel05/gostack/appgobarber/src/pages/AppointmentCreated/index.tsx","statementMap":{"0":{"start":{"line":19,"column":37},"end":{"line":52,"column":1}},"1":{"start":{"line":20,"column":20},"end":{"line":20,"column":35}},"2":{"start":{"line":21,"column":21},"end":{"line":21,"column":31}},"3":{"start":{"line":23,"column":22},"end":{"line":23,"column":43}},"4":{"start":{"line":25,"column":26},"end":{"line":30,"column":13}},"5":{"start":{"line":26,"column":4},"end":{"line":29,"column":7}},"6":{"start":{"line":32,"column":24},"end":{"line":38,"column":24}},"7":{"start":{"line":33,"column":4},"end":{"line":37,"column":6}},"8":{"start":{"line":40,"column":2},"end":{"line":51,"column":4}}},"fnMap":{"0":{"name":"(anonymous_0)","decl":{"start":{"line":19,"column":37},"end":{"line":19,"column":38}},"loc":{"start":{"line":19,"column":43},"end":{"line":52,"column":1}},"line":19},"1":{"name":"(anonymous_1)","decl":{"start":{"line":25,"column":38},"end":{"line":25,"column":39}},"loc":{"start":{"line":25,"column":44},"end":{"line":30,"column":3}},"line":25},"2":{"name":"(anonymous_2)","decl":{"start":{"line":32,"column":32},"end":{"line":32,"column":33}},"loc":{"start":{"line":32,"column":38},"end":{"line":38,"column":3}},"line":32}},"branchMap":{},"s":{"0":0,"1":0,"2":0,"3":0,"4":0,"5":0,"6":0,"7":0,"8":0},"f":{"0":0,"1":0,"2":0},"b":{}}
,"/Users/marcio/Profissional/Desenvolvimento/Fontes/Rocketseat/GoStack/Nivel05/gostack/appgobarber/src/pages/CreateAppointment/index.tsx": {"path":"/Users/marcio/Profissional/Desenvolvimento/Fontes/Rocketseat/GoStack/Nivel05/gostack/appgobarber/src/pages/CreateAppointment/index.tsx","statementMap":{"0":{"start":{"line":48,"column":36},"end":{"line":268,"column":1}},"1":{"start":{"line":49,"column":19},"end":{"line":49,"column":28}},"2":{"start":{"line":50,"column":16},"end":{"line":50,"column":26}},"3":{"start":{"line":51,"column":31},"end":{"line":51,"column":46}},"4":{"start":{"line":53,"column":22},"end":{"line":53,"column":49}},"5":{"start":{"line":55,"column":42},"end":{"line":55,"column":74}},"6":{"start":{"line":56,"column":46},"end":{"line":56,"column":61}},"7":{"start":{"line":57,"column":42},"end":{"line":57,"column":62}},"8":{"start":{"line":58,"column":42},"end":{"line":58,"column":53}},"9":{"start":{"line":59,"column":36},"end":{"line":59,"column":60}},"10":{"start":{"line":60,"column":50},"end":{"line":62,"column":3}},"11":{"start":{"line":64,"column":2},"end":{"line":68,"column":9}},"12":{"start":{"line":65,"column":4},"end":{"line":67,"column":7}},"13":{"start":{"line":66,"column":6},"end":{"line":66,"column":34}},"14":{"start":{"line":70,"column":2},"end":{"line":82,"column":39}},"15":{"start":{"line":71,"column":4},"end":{"line":81,"column":9}},"16":{"start":{"line":80,"column":8},"end":{"line":80,"column":39}},"17":{"start":{"line":84,"column":23},"end":{"line":86,"column":14}},"18":{"start":{"line":85,"column":4},"end":{"line":85,"column":13}},"19":{"start":{"line":88,"column":31},"end":{"line":93,"column":3}},"20":{"start":{"line":90,"column":6},"end":{"line":90,"column":38}},"21":{"start":{"line":95,"column":31},"end":{"line":97,"column":25}},"22":{"start":{"line":96,"column":4},"end":{"line":96,"column":39}},"23":{"start":{"line":96,"column":31},"end":{"line":96,"column":37}},"24":{"start":{"line":99,"column":28},"end":{"line":110,"column":3}},"25":{"start":{"line":101,"column":6},"end":{"line":103,"column":7}},"26":{"start":{"line":102,"column":8},"end":{"line":102,"column":33}},"27":{"start":{"line":105,"column":6},"end":{"line":107,"column":7}},"28":{"start":{"line":106,"column":8},"end":{"line":106,"column":30}},"29":{"start":{"line":112,"column":30},"end":{"line":124,"column":20}},"30":{"start":{"line":113,"column":4},"end":{"line":123,"column":9}},"31":{"start":{"line":115,"column":8},"end":{"line":115,"column":25}},"32":{"start":{"line":118,"column":8},"end":{"line":122,"column":10}},"33":{"start":{"line":126,"column":32},"end":{"line":138,"column":20}},"34":{"start":{"line":127,"column":4},"end":{"line":137,"column":9}},"35":{"start":{"line":129,"column":8},"end":{"line":129,"column":26}},"36":{"start":{"line":132,"column":8},"end":{"line":136,"column":10}},"37":{"start":{"line":140,"column":28},"end":{"line":142,"column":8}},"38":{"start":{"line":141,"column":4},"end":{"line":141,"column":26}},"39":{"start":{"line":144,"column":34},"end":{"line":163,"column":62}},"40":{"start":{"line":145,"column":4},"end":{"line":162,"column":5}},"41":{"start":{"line":146,"column":19},"end":{"line":146,"column":41}},"42":{"start":{"line":148,"column":6},"end":{"line":148,"column":34}},"43":{"start":{"line":149,"column":6},"end":{"line":149,"column":25}},"44":{"start":{"line":151,"column":6},"end":{"line":154,"column":9}},"45":{"start":{"line":156,"column":6},"end":{"line":156,"column":63}},"46":{"start":{"line":158,"column":6},"end":{"line":161,"column":8}},"47":{"start":{"line":165,"column":2},"end":{"line":267,"column":4}},"48":{"start":{"line":183,"column":38},"end":{"line":183,"column":49}},"49":{"start":{"line":185,"column":14},"end":{"line":193,"column":34}},"50":{"start":{"line":186,"column":31},"end":{"line":186,"column":64}},"51":{"start":{"line":224,"column":16},"end":{"line":234,"column":23}},"52":{"start":{"line":229,"column":33},"end":{"line":229,"column":56}},"53":{"start":{"line":245,"column":18},"end":{"line":255,"column":25}},"54":{"start":{"line":250,"column":35},"end":{"line":250,"column":58}}},"fnMap":{"0":{"name":"(anonymous_0)","decl":{"start":{"line":48,"column":36},"end":{"line":48,"column":37}},"loc":{"start":{"line":48,"column":42},"end":{"line":268,"column":1}},"line":48},"1":{"name":"(anonymous_1)","decl":{"start":{"line":64,"column":12},"end":{"line":64,"column":13}},"loc":{"start":{"line":64,"column":18},"end":{"line":68,"column":3}},"line":64},"2":{"name":"(anonymous_2)","decl":{"start":{"line":65,"column":30},"end":{"line":65,"column":31}},"loc":{"start":{"line":65,"column":42},"end":{"line":67,"column":5}},"line":65},"3":{"name":"(anonymous_3)","decl":{"start":{"line":70,"column":12},"end":{"line":70,"column":13}},"loc":{"start":{"line":70,"column":18},"end":{"line":82,"column":3}},"line":70},"4":{"name":"(anonymous_4)","decl":{"start":{"line":79,"column":12},"end":{"line":79,"column":13}},"loc":{"start":{"line":79,"column":24},"end":{"line":81,"column":7}},"line":79},"5":{"name":"(anonymous_5)","decl":{"start":{"line":84,"column":35},"end":{"line":84,"column":36}},"loc":{"start":{"line":84,"column":41},"end":{"line":86,"column":3}},"line":84},"6":{"name":"(anonymous_6)","decl":{"start":{"line":89,"column":4},"end":{"line":89,"column":5}},"loc":{"start":{"line":89,"column":28},"end":{"line":91,"column":5}},"line":89},"7":{"name":"(anonymous_7)","decl":{"start":{"line":95,"column":43},"end":{"line":95,"column":44}},"loc":{"start":{"line":95,"column":49},"end":{"line":97,"column":3}},"line":95},"8":{"name":"(anonymous_8)","decl":{"start":{"line":96,"column":22},"end":{"line":96,"column":23}},"loc":{"start":{"line":96,"column":31},"end":{"line":96,"column":37}},"line":96},"9":{"name":"(anonymous_9)","decl":{"start":{"line":100,"column":4},"end":{"line":100,"column":5}},"loc":{"start":{"line":100,"column":44},"end":{"line":108,"column":5}},"line":100},"10":{"name":"(anonymous_10)","decl":{"start":{"line":112,"column":38},"end":{"line":112,"column":39}},"loc":{"start":{"line":112,"column":44},"end":{"line":124,"column":3}},"line":112},"11":{"name":"(anonymous_11)","decl":{"start":{"line":114,"column":14},"end":{"line":114,"column":15}},"loc":{"start":{"line":114,"column":28},"end":{"line":116,"column":7}},"line":114},"12":{"name":"(anonymous_12)","decl":{"start":{"line":117,"column":11},"end":{"line":117,"column":12}},"loc":{"start":{"line":117,"column":36},"end":{"line":123,"column":7}},"line":117},"13":{"name":"(anonymous_13)","decl":{"start":{"line":126,"column":40},"end":{"line":126,"column":41}},"loc":{"start":{"line":126,"column":46},"end":{"line":138,"column":3}},"line":126},"14":{"name":"(anonymous_14)","decl":{"start":{"line":128,"column":14},"end":{"line":128,"column":15}},"loc":{"start":{"line":128,"column":28},"end":{"line":130,"column":7}},"line":128},"15":{"name":"(anonymous_15)","decl":{"start":{"line":131,"column":11},"end":{"line":131,"column":12}},"loc":{"start":{"line":131,"column":36},"end":{"line":137,"column":7}},"line":131},"16":{"name":"(anonymous_16)","decl":{"start":{"line":140,"column":40},"end":{"line":140,"column":41}},"loc":{"start":{"line":140,"column":58},"end":{"line":142,"column":3}},"line":140},"17":{"name":"(anonymous_17)","decl":{"start":{"line":144,"column":46},"end":{"line":144,"column":47}},"loc":{"start":{"line":144,"column":58},"end":{"line":163,"column":3}},"line":144},"18":{"name":"(anonymous_18)","decl":{"start":{"line":183,"column":26},"end":{"line":183,"column":27}},"loc":{"start":{"line":183,"column":38},"end":{"line":183,"column":49}},"line":183},"19":{"name":"(anonymous_19)","decl":{"start":{"line":184,"column":24},"end":{"line":184,"column":25}},"loc":{"start":{"line":185,"column":14},"end":{"line":193,"column":34}},"line":185},"20":{"name":"(anonymous_20)","decl":{"start":{"line":186,"column":25},"end":{"line":186,"column":26}},"loc":{"start":{"line":186,"column":31},"end":{"line":186,"column":64}},"line":186},"21":{"name":"(anonymous_21)","decl":{"start":{"line":223,"column":39},"end":{"line":223,"column":40}},"loc":{"start":{"line":224,"column":16},"end":{"line":234,"column":23}},"line":224},"22":{"name":"(anonymous_22)","decl":{"start":{"line":229,"column":27},"end":{"line":229,"column":28}},"loc":{"start":{"line":229,"column":33},"end":{"line":229,"column":56}},"line":229},"23":{"name":"(anonymous_23)","decl":{"start":{"line":244,"column":16},"end":{"line":244,"column":17}},"loc":{"start":{"line":245,"column":18},"end":{"line":255,"column":25}},"line":245},"24":{"name":"(anonymous_24)","decl":{"start":{"line":250,"column":29},"end":{"line":250,"column":30}},"loc":{"start":{"line":250,"column":35},"end":{"line":250,"column":58}},"line":250}},"branchMap":{"0":{"loc":{"start":{"line":101,"column":6},"end":{"line":103,"column":7}},"type":"if","locations":[{"start":{"line":101,"column":6},"end":{"line":103,"column":7}},{"start":{"line":101,"column":6},"end":{"line":103,"column":7}}],"line":101},"1":{"loc":{"start":{"line":105,"column":6},"end":{"line":107,"column":7}},"type":"if","locations":[{"start":{"line":105,"column":6},"end":{"line":107,"column":7}},{"start":{"line":105,"column":6},"end":{"line":107,"column":7}}],"line":105},"2":{"loc":{"start":{"line":205,"column":11},"end":{"line":213,"column":11}},"type":"binary-expr","locations":[{"start":{"line":205,"column":11},"end":{"line":205,"column":25}},{"start":{"line":206,"column":12},"end":{"line":212,"column":14}}],"line":205}},"s":{"0":0,"1":0,"2":0,"3":0,"4":0,"5":0,"6":0,"7":0,"8":0,"9":0,"10":0,"11":0,"12":0,"13":0,"14":0,"15":0,"16":0,"17":0,"18":0,"19":0,"20":0,"21":0,"22":0,"23":0,"24":0,"25":0,"26":0,"27":0,"28":0,"29":0,"30":0,"31":0,"32":0,"33":0,"34":0,"35":0,"36":0,"37":0,"38":0,"39":0,"40":0,"41":0,"42":0,"43":0,"44":0,"45":0,"46":0,"47":0,"48":0,"49":0,"50":0,"51":0,"52":0,"53":0,"54":0},"f":{"0":0,"1":0,"2":0,"3":0,"4":0,"5":0,"6":0,"7":0,"8":0,"9":0,"10":0,"11":0,"12":0,"13":0,"14":0,"15":0,"16":0,"17":0,"18":0,"19":0,"20":0,"21":0,"22":0,"23":0,"24":0},"b":{"0":[0,0],"1":[0,0],"2":[0,0]}}
,"/Users/marcio/Profissional/Desenvolvimento/Fontes/Rocketseat/GoStack/Nivel05/gostack/appgobarber/src/pages/Dashboard/index.tsx": {"path":"/Users/marcio/Profissional/Desenvolvimento/Fontes/Rocketseat/GoStack/Nivel05/gostack/appgobarber/src/pages/Dashboard/index.tsx","statementMap":{"0":{"start":{"line":27,"column":28},"end":{"line":95,"column":1}},"1":{"start":{"line":28,"column":36},"end":{"line":28,"column":60}},"2":{"start":{"line":30,"column":28},"end":{"line":30,"column":37}},"3":{"start":{"line":31,"column":23},"end":{"line":31,"column":38}},"4":{"start":{"line":33,"column":2},"end":{"line":37,"column":9}},"5":{"start":{"line":34,"column":4},"end":{"line":36,"column":7}},"6":{"start":{"line":35,"column":6},"end":{"line":35,"column":34}},"7":{"start":{"line":39,"column":26},"end":{"line":42,"column":16}},"8":{"start":{"line":40,"column":4},"end":{"line":40,"column":24}},"9":{"start":{"line":44,"column":38},"end":{"line":49,"column":3}},"10":{"start":{"line":46,"column":6},"end":{"line":46,"column":52}},"11":{"start":{"line":51,"column":2},"end":{"line":94,"column":4}},"12":{"start":{"line":67,"column":34},"end":{"line":67,"column":45}},"13":{"start":{"line":72,"column":10},"end":{"line":90,"column":30}},"14":{"start":{"line":73,"column":27},"end":{"line":73,"column":67}}},"fnMap":{"0":{"name":"(anonymous_0)","decl":{"start":{"line":27,"column":28},"end":{"line":27,"column":29}},"loc":{"start":{"line":27,"column":34},"end":{"line":95,"column":1}},"line":27},"1":{"name":"(anonymous_1)","decl":{"start":{"line":33,"column":12},"end":{"line":33,"column":13}},"loc":{"start":{"line":33,"column":18},"end":{"line":37,"column":3}},"line":33},"2":{"name":"(anonymous_2)","decl":{"start":{"line":34,"column":30},"end":{"line":34,"column":31}},"loc":{"start":{"line":34,"column":42},"end":{"line":36,"column":5}},"line":34},"3":{"name":"(anonymous_3)","decl":{"start":{"line":39,"column":38},"end":{"line":39,"column":39}},"loc":{"start":{"line":39,"column":44},"end":{"line":42,"column":3}},"line":39},"4":{"name":"(anonymous_4)","decl":{"start":{"line":45,"column":4},"end":{"line":45,"column":5}},"loc":{"start":{"line":45,"column":28},"end":{"line":47,"column":5}},"line":45},"5":{"name":"(anonymous_5)","decl":{"start":{"line":67,"column":22},"end":{"line":67,"column":23}},"loc":{"start":{"line":67,"column":34},"end":{"line":67,"column":45}},"line":67},"6":{"name":"(anonymous_6)","decl":{"start":{"line":71,"column":20},"end":{"line":71,"column":21}},"loc":{"start":{"line":72,"column":10},"end":{"line":90,"column":30}},"line":72},"7":{"name":"(anonymous_7)","decl":{"start":{"line":73,"column":21},"end":{"line":73,"column":22}},"loc":{"start":{"line":73,"column":27},"end":{"line":73,"column":67}},"line":73}},"branchMap":{},"s":{"0":0,"1":0,"2":0,"3":0,"4":0,"5":0,"6":0,"7":0,"8":0,"9":0,"10":0,"11":0,"12":0,"13":0,"14":0},"f":{"0":0,"1":0,"2":0,"3":0,"4":0,"5":0,"6":0,"7":0},"b":{}}
,"/Users/marcio/Profissional/Desenvolvimento/Fontes/Rocketseat/GoStack/Nivel05/gostack/appgobarber/src/pages/Profile/index.tsx": {"path":"/Users/marcio/Profissional/Desenvolvimento/Fontes/Rocketseat/GoStack/Nivel05/gostack/appgobarber/src/pages/Profile/index.tsx","statementMap":{"0":{"start":{"line":41,"column":26},"end":{"line":250,"column":1}},"1":{"start":{"line":42,"column":31},"end":{"line":42,"column":40}},"2":{"start":{"line":43,"column":18},"end":{"line":43,"column":43}},"3":{"start":{"line":44,"column":24},"end":{"line":44,"column":47}},"4":{"start":{"line":45,"column":30},"end":{"line":45,"column":53}},"5":{"start":{"line":46,"column":27},"end":{"line":46,"column":50}},"6":{"start":{"line":47,"column":34},"end":{"line":47,"column":57}},"7":{"start":{"line":48,"column":21},"end":{"line":48,"column":36}},"8":{"start":{"line":50,"column":23},"end":{"line":121,"column":3}},"9":{"start":{"line":52,"column":6},"end":{"line":52,"column":37}},"10":{"start":{"line":53,"column":6},"end":{"line":118,"column":7}},"11":{"start":{"line":54,"column":23},"end":{"line":72,"column":10}},"12":{"start":{"line":61,"column":23},"end":{"line":61,"column":35}},"13":{"start":{"line":67,"column":25},"end":{"line":67,"column":37}},"14":{"start":{"line":74,"column":8},"end":{"line":76,"column":11}},"15":{"start":{"line":84,"column":12},"end":{"line":84,"column":16}},"16":{"start":{"line":86,"column":25},"end":{"line":96,"column":9}},"17":{"start":{"line":98,"column":25},"end":{"line":98,"column":60}},"18":{"start":{"line":100,"column":8},"end":{"line":100,"column":34}},"19":{"start":{"line":102,"column":8},"end":{"line":102,"column":42}},"20":{"start":{"line":104,"column":8},"end":{"line":104,"column":17}},"21":{"start":{"line":106,"column":8},"end":{"line":112,"column":9}},"22":{"start":{"line":107,"column":25},"end":{"line":107,"column":49}},"23":{"start":{"line":109,"column":10},"end":{"line":109,"column":45}},"24":{"start":{"line":111,"column":10},"end":{"line":111,"column":17}},"25":{"start":{"line":114,"column":8},"end":{"line":117,"column":10}},"26":{"start":{"line":123,"column":29},"end":{"line":156,"column":27}},"27":{"start":{"line":124,"column":4},"end":{"line":155,"column":6}},"28":{"start":{"line":132,"column":8},"end":{"line":134,"column":9}},"29":{"start":{"line":133,"column":10},"end":{"line":133,"column":17}},"30":{"start":{"line":136,"column":8},"end":{"line":139,"column":9}},"31":{"start":{"line":137,"column":10},"end":{"line":137,"column":57}},"32":{"start":{"line":138,"column":10},"end":{"line":138,"column":17}},"33":{"start":{"line":141,"column":8},"end":{"line":141,"column":55}},"34":{"start":{"line":143,"column":21},"end":{"line":143,"column":35}},"35":{"start":{"line":145,"column":8},"end":{"line":149,"column":11}},"36":{"start":{"line":151,"column":8},"end":{"line":153,"column":11}},"37":{"start":{"line":152,"column":10},"end":{"line":152,"column":39}},"38":{"start":{"line":158,"column":23},"end":{"line":160,"column":14}},"39":{"start":{"line":159,"column":4},"end":{"line":159,"column":13}},"40":{"start":{"line":162,"column":2},"end":{"line":249,"column":4}},"41":{"start":{"line":192,"column":39},"end":{"line":192,"column":69}},"42":{"start":{"line":204,"column":39},"end":{"line":204,"column":75}},"43":{"start":{"line":216,"column":39},"end":{"line":216,"column":72}},"44":{"start":{"line":227,"column":39},"end":{"line":227,"column":79}},"45":{"start":{"line":238,"column":39},"end":{"line":238,"column":68}},"46":{"start":{"line":242,"column":35},"end":{"line":242,"column":64}}},"fnMap":{"0":{"name":"(anonymous_0)","decl":{"start":{"line":41,"column":26},"end":{"line":41,"column":27}},"loc":{"start":{"line":41,"column":32},"end":{"line":250,"column":1}},"line":41},"1":{"name":"(anonymous_1)","decl":{"start":{"line":51,"column":4},"end":{"line":51,"column":5}},"loc":{"start":{"line":51,"column":37},"end":{"line":119,"column":5}},"line":51},"2":{"name":"(anonymous_2)","decl":{"start":{"line":61,"column":16},"end":{"line":61,"column":17}},"loc":{"start":{"line":61,"column":23},"end":{"line":61,"column":35}},"line":61},"3":{"name":"(anonymous_3)","decl":{"start":{"line":67,"column":18},"end":{"line":67,"column":19}},"loc":{"start":{"line":67,"column":25},"end":{"line":67,"column":37}},"line":67},"4":{"name":"(anonymous_4)","decl":{"start":{"line":123,"column":41},"end":{"line":123,"column":42}},"loc":{"start":{"line":123,"column":47},"end":{"line":156,"column":3}},"line":123},"5":{"name":"(anonymous_5)","decl":{"start":{"line":131,"column":6},"end":{"line":131,"column":7}},"loc":{"start":{"line":131,"column":18},"end":{"line":154,"column":7}},"line":131},"6":{"name":"(anonymous_6)","decl":{"start":{"line":151,"column":46},"end":{"line":151,"column":47}},"loc":{"start":{"line":151,"column":61},"end":{"line":153,"column":9}},"line":151},"7":{"name":"(anonymous_7)","decl":{"start":{"line":158,"column":35},"end":{"line":158,"column":36}},"loc":{"start":{"line":158,"column":41},"end":{"line":160,"column":3}},"line":158},"8":{"name":"(anonymous_8)","decl":{"start":{"line":192,"column":33},"end":{"line":192,"column":34}},"loc":{"start":{"line":192,"column":39},"end":{"line":192,"column":69}},"line":192},"9":{"name":"(anonymous_9)","decl":{"start":{"line":204,"column":33},"end":{"line":204,"column":34}},"loc":{"start":{"line":204,"column":39},"end":{"line":204,"column":75}},"line":204},"10":{"name":"(anonymous_10)","decl":{"start":{"line":216,"column":33},"end":{"line":216,"column":34}},"loc":{"start":{"line":216,"column":39},"end":{"line":216,"column":72}},"line":216},"11":{"name":"(anonymous_11)","decl":{"start":{"line":227,"column":33},"end":{"line":227,"column":34}},"loc":{"start":{"line":227,"column":39},"end":{"line":227,"column":79}},"line":227},"12":{"name":"(anonymous_12)","decl":{"start":{"line":238,"column":33},"end":{"line":238,"column":34}},"loc":{"start":{"line":238,"column":39},"end":{"line":238,"column":68}},"line":238},"13":{"name":"(anonymous_13)","decl":{"start":{"line":242,"column":29},"end":{"line":242,"column":30}},"loc":{"start":{"line":242,"column":35},"end":{"line":242,"column":64}},"line":242}},"branchMap":{"0":{"loc":{"start":{"line":89,"column":14},"end":{"line":95,"column":16}},"type":"cond-expr","locations":[{"start":{"line":90,"column":14},"end":{"line":94,"column":15}},{"start":{"line":95,"column":14},"end":{"line":95,"column":16}}],"line":89},"1":{"loc":{"start":{"line":106,"column":8},"end":{"line":112,"column":9}},"type":"if","locations":[{"start":{"line":106,"column":8},"end":{"line":112,"column":9}},{"start":{"line":106,"column":8},"end":{"line":112,"column":9}}],"line":106},"2":{"loc":{"start":{"line":132,"column":8},"end":{"line":134,"column":9}},"type":"if","locations":[{"start":{"line":132,"column":8},"end":{"line":134,"column":9}},{"start":{"line":132,"column":8},"end":{"line":134,"column":9}}],"line":132},"3":{"loc":{"start":{"line":136,"column":8},"end":{"line":139,"column":9}},"type":"if","locations":[{"start":{"line":136,"column":8},"end":{"line":139,"column":9}},{"start":{"line":136,"column":8},"end":{"line":139,"column":9}}],"line":136},"4":{"loc":{"start":{"line":166,"column":18},"end":{"line":166,"column":63}},"type":"cond-expr","locations":[{"start":{"line":166,"column":42},"end":{"line":166,"column":51}},{"start":{"line":166,"column":54},"end":{"line":166,"column":63}}],"line":166}},"s":{"0":0,"1":0,"2":0,"3":0,"4":0,"5":0,"6":0,"7":0,"8":0,"9":0,"10":0,"11":0,"12":0,"13":0,"14":0,"15":0,"16":0,"17":0,"18":0,"19":0,"20":0,"21":0,"22":0,"23":0,"24":0,"25":0,"26":0,"27":0,"28":0,"29":0,"30":0,"31":0,"32":0,"33":0,"34":0,"35":0,"36":0,"37":0,"38":0,"39":0,"40":0,"41":0,"42":0,"43":0,"44":0,"45":0,"46":0},"f":{"0":0,"1":0,"2":0,"3":0,"4":0,"5":0,"6":0,"7":0,"8":0,"9":0,"10":0,"11":0,"12":0,"13":0},"b":{"0":[0,0],"1":[0,0],"2":[0,0],"3":[0,0],"4":[0,0]}}
,"/Users/marcio/Profissional/Desenvolvimento/Fontes/Rocketseat/GoStack/Nivel05/gostack/appgobarber/src/pages/SignIn/index.tsx": {"path":"/Users/marcio/Profissional/Desenvolvimento/Fontes/Rocketseat/GoStack/Nivel05/gostack/appgobarber/src/pages/SignIn/index.tsx","statementMap":{"0":{"start":{"line":41,"column":25},"end":{"line":144,"column":1}},"1":{"start":{"line":42,"column":18},"end":{"line":42,"column":43}},"2":{"start":{"line":43,"column":27},"end":{"line":43,"column":50}},"3":{"start":{"line":45,"column":21},"end":{"line":45,"column":36}},"4":{"start":{"line":47,"column":27},"end":{"line":47,"column":36}},"5":{"start":{"line":49,"column":2},"end":{"line":49,"column":20}},"6":{"start":{"line":51,"column":23},"end":{"line":84,"column":3}},"7":{"start":{"line":53,"column":6},"end":{"line":53,"column":37}},"8":{"start":{"line":54,"column":6},"end":{"line":81,"column":7}},"9":{"start":{"line":55,"column":23},"end":{"line":60,"column":10}},"10":{"start":{"line":62,"column":8},"end":{"line":64,"column":11}},"11":{"start":{"line":66,"column":8},"end":{"line":69,"column":11}},"12":{"start":{"line":71,"column":8},"end":{"line":75,"column":9}},"13":{"start":{"line":72,"column":25},"end":{"line":72,"column":49}},"14":{"start":{"line":73,"column":10},"end":{"line":73,"column":45}},"15":{"start":{"line":74,"column":10},"end":{"line":74,"column":17}},"16":{"start":{"line":77,"column":8},"end":{"line":80,"column":10}},"17":{"start":{"line":86,"column":2},"end":{"line":143,"column":4}},"18":{"start":{"line":113,"column":39},"end":{"line":113,"column":72}},"19":{"start":{"line":124,"column":39},"end":{"line":124,"column":68}},"20":{"start":{"line":127,"column":35},"end":{"line":127,"column":64}},"21":{"start":{"line":131,"column":43},"end":{"line":131,"column":65}},"22":{"start":{"line":138,"column":42},"end":{"line":138,"column":71}}},"fnMap":{"0":{"name":"(anonymous_0)","decl":{"start":{"line":41,"column":25},"end":{"line":41,"column":26}},"loc":{"start":{"line":41,"column":31},"end":{"line":144,"column":1}},"line":41},"1":{"name":"(anonymous_1)","decl":{"start":{"line":52,"column":4},"end":{"line":52,"column":5}},"loc":{"start":{"line":52,"column":36},"end":{"line":82,"column":5}},"line":52},"2":{"name":"(anonymous_2)","decl":{"start":{"line":113,"column":33},"end":{"line":113,"column":34}},"loc":{"start":{"line":113,"column":39},"end":{"line":113,"column":72}},"line":113},"3":{"name":"(anonymous_3)","decl":{"start":{"line":124,"column":33},"end":{"line":124,"column":34}},"loc":{"start":{"line":124,"column":39},"end":{"line":124,"column":68}},"line":124},"4":{"name":"(anonymous_4)","decl":{"start":{"line":127,"column":29},"end":{"line":127,"column":30}},"loc":{"start":{"line":127,"column":35},"end":{"line":127,"column":64}},"line":127},"5":{"name":"(anonymous_5)","decl":{"start":{"line":131,"column":37},"end":{"line":131,"column":38}},"loc":{"start":{"line":131,"column":43},"end":{"line":131,"column":65}},"line":131},"6":{"name":"(anonymous_6)","decl":{"start":{"line":138,"column":36},"end":{"line":138,"column":37}},"loc":{"start":{"line":138,"column":42},"end":{"line":138,"column":71}},"line":138}},"branchMap":{"0":{"loc":{"start":{"line":71,"column":8},"end":{"line":75,"column":9}},"type":"if","locations":[{"start":{"line":71,"column":8},"end":{"line":75,"column":9}},{"start":{"line":71,"column":8},"end":{"line":75,"column":9}}],"line":71},"1":{"loc":{"start":{"line":90,"column":18},"end":{"line":90,"column":63}},"type":"cond-expr","locations":[{"start":{"line":90,"column":42},"end":{"line":90,"column":51}},{"start":{"line":90,"column":54},"end":{"line":90,"column":63}}],"line":90}},"s":{"0":1,"1":1,"2":1,"3":1,"4":1,"5":1,"6":1,"7":0,"8":0,"9":0,"10":0,"11":0,"12":0,"13":0,"14":0,"15":0,"16":0,"17":1,"18":0,"19":0,"20":0,"21":0,"22":0},"f":{"0":1,"1":0,"2":0,"3":0,"4":0,"5":0,"6":0},"b":{"0":[0,0],"1":[1,0]},"_coverageSchema":"1a1c01bbd47fc00a2c39e90264f33305004495a9","hash":"5ee289246c4c53a3a6372c4d397caf003a20d238"}
,"/Users/marcio/Profissional/Desenvolvimento/Fontes/Rocketseat/GoStack/Nivel05/gostack/appgobarber/src/pages/SignUp/index.tsx": {"path":"/Users/marcio/Profissional/Desenvolvimento/Fontes/Rocketseat/GoStack/Nivel05/gostack/appgobarber/src/pages/SignUp/index.tsx","statementMap":{"0":{"start":{"line":34,"column":25},"end":{"line":147,"column":1}},"1":{"start":{"line":35,"column":18},"end":{"line":35,"column":43}},"2":{"start":{"line":36,"column":24},"end":{"line":36,"column":47}},"3":{"start":{"line":37,"column":27},"end":{"line":37,"column":50}},"4":{"start":{"line":38,"column":21},"end":{"line":38,"column":36}},"5":{"start":{"line":40,"column":23},"end":{"line":80,"column":3}},"6":{"start":{"line":42,"column":6},"end":{"line":42,"column":37}},"7":{"start":{"line":43,"column":6},"end":{"line":77,"column":7}},"8":{"start":{"line":44,"column":23},"end":{"line":50,"column":10}},"9":{"start":{"line":52,"column":8},"end":{"line":54,"column":11}},"10":{"start":{"line":56,"column":8},"end":{"line":56,"column":39}},"11":{"start":{"line":58,"column":8},"end":{"line":61,"column":10}},"12":{"start":{"line":63,"column":8},"end":{"line":63,"column":28}},"13":{"start":{"line":65,"column":8},"end":{"line":71,"column":9}},"14":{"start":{"line":66,"column":25},"end":{"line":66,"column":49}},"15":{"start":{"line":68,"column":10},"end":{"line":68,"column":45}},"16":{"start":{"line":70,"column":10},"end":{"line":70,"column":17}},"17":{"start":{"line":73,"column":8},"end":{"line":76,"column":10}},"18":{"start":{"line":82,"column":2},"end":{"line":146,"column":4}},"19":{"start":{"line":107,"column":39},"end":{"line":107,"column":69}},"20":{"start":{"line":119,"column":39},"end":{"line":119,"column":72}},"21":{"start":{"line":130,"column":39},"end":{"line":130,"column":68}},"22":{"start":{"line":134,"column":35},"end":{"line":134,"column":64}},"23":{"start":{"line":141,"column":35},"end":{"line":141,"column":54}}},"fnMap":{"0":{"name":"(anonymous_0)","decl":{"start":{"line":34,"column":25},"end":{"line":34,"column":26}},"loc":{"start":{"line":34,"column":31},"end":{"line":147,"column":1}},"line":34},"1":{"name":"(anonymous_1)","decl":{"start":{"line":41,"column":4},"end":{"line":41,"column":5}},"loc":{"start":{"line":41,"column":36},"end":{"line":78,"column":5}},"line":41},"2":{"name":"(anonymous_2)","decl":{"start":{"line":107,"column":33},"end":{"line":107,"column":34}},"loc":{"start":{"line":107,"column":39},"end":{"line":107,"column":69}},"line":107},"3":{"name":"(anonymous_3)","decl":{"start":{"line":119,"column":33},"end":{"line":119,"column":34}},"loc":{"start":{"line":119,"column":39},"end":{"line":119,"column":72}},"line":119},"4":{"name":"(anonymous_4)","decl":{"start":{"line":130,"column":33},"end":{"line":130,"column":34}},"loc":{"start":{"line":130,"column":39},"end":{"line":130,"column":68}},"line":130},"5":{"name":"(anonymous_5)","decl":{"start":{"line":134,"column":29},"end":{"line":134,"column":30}},"loc":{"start":{"line":134,"column":35},"end":{"line":134,"column":64}},"line":134},"6":{"name":"(anonymous_6)","decl":{"start":{"line":141,"column":29},"end":{"line":141,"column":30}},"loc":{"start":{"line":141,"column":35},"end":{"line":141,"column":54}},"line":141}},"branchMap":{"0":{"loc":{"start":{"line":65,"column":8},"end":{"line":71,"column":9}},"type":"if","locations":[{"start":{"line":65,"column":8},"end":{"line":71,"column":9}},{"start":{"line":65,"column":8},"end":{"line":71,"column":9}}],"line":65},"1":{"loc":{"start":{"line":86,"column":18},"end":{"line":86,"column":63}},"type":"cond-expr","locations":[{"start":{"line":86,"column":42},"end":{"line":86,"column":51}},{"start":{"line":86,"column":54},"end":{"line":86,"column":63}}],"line":86}},"s":{"0":0,"1":0,"2":0,"3":0,"4":0,"5":0,"6":0,"7":0,"8":0,"9":0,"10":0,"11":0,"12":0,"13":0,"14":0,"15":0,"16":0,"17":0,"18":0,"19":0,"20":0,"21":0,"22":0,"23":0},"f":{"0":0,"1":0,"2":0,"3":0,"4":0,"5":0,"6":0},"b":{"0":[0,0],"1":[0,0]}}
}
