TN:
SF:src/hooks/auth.tsx
FN:38,(anonymous_0)
FN:42,(anonymous_1)
FN:43,loadStorageData
FN:61,(anonymous_3)
FN:79,(anonymous_4)
FN:86,(anonymous_5)
FN:105,useAuth
FNF:7
FNH:1
FNDA:0,(anonymous_0)
FNDA:0,(anonymous_1)
FNDA:0,loadStorageData
FNDA:0,(anonymous_3)
FNDA:0,(anonymous_4)
FNDA:0,(anonymous_5)
FNDA:1,useAuth
DA:36,1
DA:38,1
DA:39,0
DA:40,0
DA:42,0
DA:44,0
DA:49,0
DA:50,0
DA:52,0
DA:55,0
DA:58,0
DA:61,0
DA:62,0
DA:67,0
DA:69,0
DA:74,0
DA:76,0
DA:79,0
DA:80,0
DA:82,0
DA:85,0
DA:87,0
DA:88,0
DA:96,0
DA:106,1
DA:108,1
DA:109,0
DA:112,1
LF:28
LH:5
BRDA:49,0,0,0
BRDA:49,0,1,0
BRDA:49,1,0,0
BRDA:49,1,1,0
BRDA:108,2,0,0
BRDA:108,2,1,1
BRF:6
BRH:1
end_of_record
TN:
SF:src/pages/AppointmentCreated/index.tsx
FN:19,(anonymous_0)
FN:25,(anonymous_1)
FN:32,(anonymous_2)
FNF:3
FNH:0
FNDA:0,(anonymous_0)
FNDA:0,(anonymous_1)
FNDA:0,(anonymous_2)
DA:19,0
DA:20,0
DA:21,0
DA:23,0
DA:25,0
DA:26,0
DA:32,0
DA:33,0
DA:40,0
LF:9
LH:0
BRF:0
BRH:0
end_of_record
TN:
SF:src/pages/CreateAppointment/index.tsx
FN:48,(anonymous_0)
FN:64,(anonymous_1)
FN:65,(anonymous_2)
FN:70,(anonymous_3)
FN:79,(anonymous_4)
FN:84,(anonymous_5)
FN:89,(anonymous_6)
FN:95,(anonymous_7)
FN:96,(anonymous_8)
FN:100,(anonymous_9)
FN:112,(anonymous_10)
FN:114,(anonymous_11)
FN:117,(anonymous_12)
FN:126,(anonymous_13)
FN:128,(anonymous_14)
FN:131,(anonymous_15)
FN:140,(anonymous_16)
FN:144,(anonymous_17)
FN:183,(anonymous_18)
FN:184,(anonymous_19)
FN:186,(anonymous_20)
FN:223,(anonymous_21)
FN:229,(anonymous_22)
FN:244,(anonymous_23)
FN:250,(anonymous_24)
FNF:25
FNH:0
FNDA:0,(anonymous_0)
FNDA:0,(anonymous_1)
FNDA:0,(anonymous_2)
FNDA:0,(anonymous_3)
FNDA:0,(anonymous_4)
FNDA:0,(anonymous_5)
FNDA:0,(anonymous_6)
FNDA:0,(anonymous_7)
FNDA:0,(anonymous_8)
FNDA:0,(anonymous_9)
FNDA:0,(anonymous_10)
FNDA:0,(anonymous_11)
FNDA:0,(anonymous_12)
FNDA:0,(anonymous_13)
FNDA:0,(anonymous_14)
FNDA:0,(anonymous_15)
FNDA:0,(anonymous_16)
FNDA:0,(anonymous_17)
FNDA:0,(anonymous_18)
FNDA:0,(anonymous_19)
FNDA:0,(anonymous_20)
FNDA:0,(anonymous_21)
FNDA:0,(anonymous_22)
FNDA:0,(anonymous_23)
FNDA:0,(anonymous_24)
DA:48,0
DA:49,0
DA:50,0
DA:51,0
DA:53,0
DA:55,0
DA:56,0
DA:57,0
DA:58,0
DA:59,0
DA:60,0
DA:64,0
DA:65,0
DA:66,0
DA:70,0
DA:71,0
DA:80,0
DA:84,0
DA:85,0
DA:88,0
DA:90,0
DA:95,0
DA:96,0
DA:99,0
DA:101,0
DA:102,0
DA:105,0
DA:106,0
DA:112,0
DA:113,0
DA:115,0
DA:118,0
DA:126,0
DA:127,0
DA:129,0
DA:132,0
DA:140,0
DA:141,0
DA:144,0
DA:145,0
DA:146,0
DA:148,0
DA:149,0
DA:151,0
DA:156,0
DA:158,0
DA:165,0
DA:183,0
DA:185,0
DA:186,0
DA:224,0
DA:229,0
DA:245,0
DA:250,0
LF:54
LH:0
BRDA:101,0,0,0
BRDA:101,0,1,0
BRDA:105,1,0,0
BRDA:105,1,1,0
BRDA:205,2,0,0
BRDA:205,2,1,0
BRF:6
BRH:0
end_of_record
TN:
SF:src/pages/Dashboard/index.tsx
FN:27,(anonymous_0)
FN:33,(anonymous_1)
FN:34,(anonymous_2)
FN:39,(anonymous_3)
FN:45,(anonymous_4)
FN:67,(anonymous_5)
FN:71,(anonymous_6)
FN:73,(anonymous_7)
FNF:8
FNH:0
FNDA:0,(anonymous_0)
FNDA:0,(anonymous_1)
FNDA:0,(anonymous_2)
FNDA:0,(anonymous_3)
FNDA:0,(anonymous_4)
FNDA:0,(anonymous_5)
FNDA:0,(anonymous_6)
FNDA:0,(anonymous_7)
DA:27,0
DA:28,0
DA:30,0
DA:31,0
DA:33,0
DA:34,0
DA:35,0
DA:39,0
DA:40,0
DA:44,0
DA:46,0
DA:51,0
DA:67,0
DA:72,0
DA:73,0
LF:15
LH:0
BRF:0
BRH:0
end_of_record
TN:
SF:src/pages/Profile/index.tsx
FN:41,(anonymous_0)
FN:51,(anonymous_1)
FN:61,(anonymous_2)
FN:67,(anonymous_3)
FN:123,(anonymous_4)
FN:131,(anonymous_5)
FN:151,(anonymous_6)
FN:158,(anonymous_7)
FN:192,(anonymous_8)
FN:204,(anonymous_9)
FN:216,(anonymous_10)
FN:227,(anonymous_11)
FN:238,(anonymous_12)
FN:242,(anonymous_13)
FNF:14
FNH:0
FNDA:0,(anonymous_0)
FNDA:0,(anonymous_1)
FNDA:0,(anonymous_2)
FNDA:0,(anonymous_3)
FNDA:0,(anonymous_4)
FNDA:0,(anonymous_5)
FNDA:0,(anonymous_6)
FNDA:0,(anonymous_7)
FNDA:0,(anonymous_8)
FNDA:0,(anonymous_9)
FNDA:0,(anonymous_10)
FNDA:0,(anonymous_11)
FNDA:0,(anonymous_12)
FNDA:0,(anonymous_13)
DA:41,0
DA:42,0
DA:43,0
DA:44,0
DA:45,0
DA:46,0
DA:47,0
DA:48,0
DA:50,0
DA:52,0
DA:53,0
DA:54,0
DA:61,0
DA:67,0
DA:74,0
DA:84,0
DA:86,0
DA:98,0
DA:100,0
DA:102,0
DA:104,0
DA:106,0
DA:107,0
DA:109,0
DA:111,0
DA:114,0
DA:123,0
DA:124,0
DA:132,0
DA:133,0
DA:136,0
DA:137,0
DA:138,0
DA:141,0
DA:143,0
DA:145,0
DA:151,0
DA:152,0
DA:158,0
DA:159,0
DA:162,0
DA:192,0
DA:204,0
DA:216,0
DA:227,0
DA:238,0
DA:242,0
LF:47
LH:0
BRDA:89,0,0,0
BRDA:89,0,1,0
BRDA:106,1,0,0
BRDA:106,1,1,0
BRDA:132,2,0,0
BRDA:132,2,1,0
BRDA:136,3,0,0
BRDA:136,3,1,0
BRDA:166,4,0,0
BRDA:166,4,1,0
BRF:10
BRH:0
end_of_record
TN:
SF:src/pages/SignIn/index.tsx
FN:41,(anonymous_0)
FN:52,(anonymous_1)
FN:113,(anonymous_2)
FN:124,(anonymous_3)
FN:127,(anonymous_4)
FN:131,(anonymous_5)
FN:138,(anonymous_6)
FNF:7
FNH:1
FNDA:1,(anonymous_0)
FNDA:0,(anonymous_1)
FNDA:0,(anonymous_2)
FNDA:0,(anonymous_3)
FNDA:0,(anonymous_4)
FNDA:0,(anonymous_5)
FNDA:0,(anonymous_6)
DA:41,1
DA:42,1
DA:43,1
DA:45,1
DA:47,1
DA:49,1
DA:51,1
DA:53,0
DA:54,0
DA:55,0
DA:62,0
DA:66,0
DA:71,0
DA:72,0
DA:73,0
DA:74,0
DA:77,0
DA:86,1
DA:113,0
DA:124,0
DA:127,0
DA:131,0
DA:138,0
LF:23
LH:8
BRDA:71,0,0,0
BRDA:71,0,1,0
BRDA:90,1,0,1
BRDA:90,1,1,0
BRF:4
BRH:1
end_of_record
TN:
SF:src/pages/SignUp/index.tsx
FN:34,(anonymous_0)
FN:41,(anonymous_1)
FN:107,(anonymous_2)
FN:119,(anonymous_3)
FN:130,(anonymous_4)
FN:134,(anonymous_5)
FN:141,(anonymous_6)
FNF:7
FNH:0
FNDA:0,(anonymous_0)
FNDA:0,(anonymous_1)
FNDA:0,(anonymous_2)
FNDA:0,(anonymous_3)
FNDA:0,(anonymous_4)
FNDA:0,(anonymous_5)
FNDA:0,(anonymous_6)
DA:34,0
DA:35,0
DA:36,0
DA:37,0
DA:38,0
DA:40,0
DA:42,0
DA:43,0
DA:44,0
DA:52,0
DA:56,0
DA:58,0
DA:63,0
DA:65,0
DA:66,0
DA:68,0
DA:70,0
DA:73,0
DA:82,0
DA:107,0
DA:119,0
DA:130,0
DA:134,0
DA:141,0
LF:24
LH:0
BRDA:65,0,0,0
BRDA:65,0,1,0
BRDA:86,1,0,0
BRDA:86,1,1,0
BRF:4
BRH:0
end_of_record
